<?xml version="1.0" encoding="UTF-8"?>
<!-- Generated by org.testng.reporters.JUnitXMLReporter -->
<testsuite ignored="0" hostname="ARPGL006256" failures="0" tests="3" name="Default test" time="7.132" errors="0" timestamp="2021-09-16T11:09:36 IST">
  <testcase classname="functionaltesting.AdminLogin" name="validLoginTest" time="1.601"/>
  <testcase classname="functionaltesting.AdminLogin" name="adminLogoutTest" time="1.412"/>
  <testcase classname="functionaltesting.AdminLogin" name="invalidLoginTest" time="0.375"/>
</testsuite> <!-- Default test -->
