<?xml version="1.0" encoding="UTF-8"?>
<testng-results ignored="0" total="3" passed="3" failed="0" skipped="0">
  <reporter-output>
  </reporter-output>
  <suite started-at="2021-09-16T11:09:26 IST" name="Default suite" finished-at="2021-09-16T11:09:34 IST" duration-ms="7132">
    <groups>
    </groups>
    <test started-at="2021-09-16T11:09:26 IST" name="Default test" finished-at="2021-09-16T11:09:34 IST" duration-ms="7132">
      <class name="functionaltesting.AdminLogin">
        <test-method is-config="true" signature="BeforeTest()[pri:0, instance:functionaltesting.AdminLogin@10163d6]" started-at="2021-09-16T11:09:26 IST" name="BeforeTest" finished-at="2021-09-16T11:09:29 IST" duration-ms="2898" status="PASS">
          <reporter-output>
          </reporter-output>
        </test-method> <!-- BeforeTest -->
        <test-method signature="validLoginTest()[pri:1, instance:functionaltesting.AdminLogin@10163d6]" started-at="2021-09-16T11:09:29 IST" name="validLoginTest" finished-at="2021-09-16T11:09:31 IST" duration-ms="1601" status="PASS">
          <reporter-output>
          </reporter-output>
        </test-method> <!-- validLoginTest -->
        <test-method signature="adminLogoutTest()[pri:2, instance:functionaltesting.AdminLogin@10163d6]" started-at="2021-09-16T11:09:31 IST" name="adminLogoutTest" finished-at="2021-09-16T11:09:32 IST" duration-ms="1412" status="PASS">
          <reporter-output>
          </reporter-output>
        </test-method> <!-- adminLogoutTest -->
        <test-method signature="invalidLoginTest()[pri:3, instance:functionaltesting.AdminLogin@10163d6]" started-at="2021-09-16T11:09:32 IST" name="invalidLoginTest" finished-at="2021-09-16T11:09:33 IST" duration-ms="375" status="PASS">
          <reporter-output>
          </reporter-output>
        </test-method> <!-- invalidLoginTest -->
        <test-method is-config="true" signature="AfterTest()[pri:0, instance:functionaltesting.AdminLogin@10163d6]" started-at="2021-09-16T11:09:33 IST" name="AfterTest" finished-at="2021-09-16T11:09:34 IST" duration-ms="803" status="PASS">
          <reporter-output>
          </reporter-output>
        </test-method> <!-- AfterTest -->
      </class> <!-- functionaltesting.AdminLogin -->
    </test> <!-- Default test -->
  </suite> <!-- Default suite -->
</testng-results>
